<?xml version="1.0" encoding="UTF-8"?>
<!-- Generated by org.testng.reporters.JUnitXMLReporter -->
<testsuite ignored="4" hostname="DESKTOP-OIJPSID" failures="0" tests="8" name="Default test" time="112.463" errors="0" timestamp="24 May 2021 12:04:42 GMT">
  <testcase classname="com.simplogics.testcases.Loginpage" name="loginpage" time="6.941"/>
  <testcase classname="com.simplogics.testcases.APIS" name="Apis" time="40.312"/>
  <testcase classname="com.simplogics.testcases.APIS" name="Apis" time="35.923"/>
  <testcase classname="com.simplogics.testcases.APIS" name="Apis" time="0.003">
    <skipped/>
  </testcase> <!-- Apis -->
  <testcase classname="com.simplogics.testcases.APIS" name="Apis" time="0.007">
    <skipped/>
  </testcase> <!-- Apis -->
  <testcase classname="com.simplogics.testcases.APIS" name="Apis" time="0.002">
    <skipped/>
  </testcase> <!-- Apis -->
  <testcase classname="com.simplogics.testcases.APIS" name="Apis" time="0.005">
    <skipped/>
  </testcase> <!-- Apis -->
  <testcase classname="com.simplogics.testcases.APIS" name="Apis" time="0.004">
    <skipped/>
  </testcase> <!-- Apis -->
  <testcase classname="com.simplogics.base.BaseData" name="@AfterTest Emailsend" time="0.0">
    <ignored/>
  </testcase> <!-- @AfterTest Emailsend -->
  <testcase classname="com.simplogics.base.BaseData" name="@AfterTest Emailsend" time="0.0">
    <ignored/>
  </testcase> <!-- @AfterTest Emailsend -->
  <testcase classname="com.simplogics.base.BaseData" name="@AfterTest Emailsend" time="0.0">
    <ignored/>
  </testcase> <!-- @AfterTest Emailsend -->
  <testcase classname="com.simplogics.base.BaseData" name="@AfterTest Emailsend" time="0.0">
    <ignored/>
  </testcase> <!-- @AfterTest Emailsend -->
</testsuite> <!-- Default test -->
